<?xml version="1.0" encoding="UTF-8"?>
<!-- Generated by org.testng.reporters.JUnitXMLReporter -->
<testsuite ignored="0" hostname="LAPTOP-OOKDANDK" failures="0" tests="6" name="Command line test" time="0.086" errors="0" timestamp="2021-05-12T09:51:41 IST">
  <testcase classname="qaclickacademy.Mavenjava.AppiumTest" name="AndroidNative" time="0.008"/>
  <testcase classname="qaclickacademy.Mavenjava.AppiumTest" name="IOSNative" time="0.001"/>
  <testcase classname="qaclickacademy.Mavenjava.RESTAPITest" name="deleteTwitter" time="0.0"/>
  <testcase classname="qaclickacademy.Mavenjava.RESTAPITest" name="postJira" time="0.001"/>
  <testcase classname="qaclickacademy.Mavenjava.SeleniumTest" name="BrowserAutomation" time="0.0"/>
  <testcase classname="qaclickacademy.Mavenjava.SeleniumTest" name="elementsUi" time="0.0"/>
</testsuite> <!-- Command line test -->
