<?xml version="1.0" encoding="UTF-8"?>
<!-- Generated by org.testng.reporters.JUnitXMLReporter -->
<testsuite ignored="0" hostname="LAPTOP-OOKDANDK" failures="0" tests="4" name="Test" time="0.039" errors="0" timestamp="2021-05-20T12:00:04 IST">
  <testcase classname="qaclickacademy.Mavenjava.RESTAPITest" name="deleteTwitter" time="0.003"/>
  <testcase classname="qaclickacademy.Mavenjava.RESTAPITest" name="postJira" time="0.0"/>
  <testcase classname="qaclickacademy.Mavenjava.SeleniumTest" name="BrowserAutomation" time="0.0"/>
  <testcase classname="qaclickacademy.Mavenjava.SeleniumTest" name="elementsUi" time="0.0"/>
</testsuite> <!-- Test -->
